PLINK v1.90b6.21 64-bit (19 Oct 2020)
Options in effect:
  --file 123.plk
  --geno 0.05
  --hwe 0.000001
  --maf 0.05
  --mind 0.1
  --recode
  --sheep

Hostname: DESKTOP-MPSFMNE
Working directory: C:\Users\DELL\Desktop\7SHEEP\7.1SHEEP
Start time: Tue Jul 18 12:28:58 2023

Random number seed: 1689654538
7976 MB RAM detected; reserving 3988 MB for main workspace.
Scanning .ped file... done.
Performing single-pass .bed write (46900 variants, 757 sheep).
--file: plink-temporary.bed + plink-temporary.bim + plink-temporary.fam
written.
46900 variants loaded from .bim file.
757 sheep (0 males, 0 females, 757 ambiguous) loaded from .fam.
Ambiguous sex IDs written to plink.nosex .
0 sheep removed due to missing genotype data (--mind).
Using 1 thread (no multithreaded calculations invoked).
Before main variant filters, 0 founders and 757 nonfounders present.
Calculating allele frequencies... done.
Total genotyping rate is 0.99999.
4 variants removed due to missing genotype data (--geno).
--hwe: 0 variants removed due to Hardy-Weinberg exact test.
0 variants removed due to minor allele threshold(s)
(--maf/--max-maf/--mac/--max-mac).
46896 variants and 757 sheep pass filters and QC.
Note: No phenotypes present.
--recode ped to plink.ped + plink.map ... done.

End time: Tue Jul 18 12:29:02 2023
