PLINK v1.90b6.21 64-bit (19 Oct 2020)
Options in effect:
  --file QIR
  --homozyg
  --homozyg-gap 500
  --homozyg-kb 1000
  --homozyg-snp 50
  --homozyg-window-het 1
  --homozyg-window-missing 1
  --homozyg-window-snp 30
  --homozyg-window-threshold 0.05
  --out QIR1
  --sheep

Hostname: DESKTOP-MPSFMNE
Working directory: C:\Users\DELL\Desktop\ROH\ио
Start time: Thu Aug 31 11:39:14 2023

Random number seed: 1693453154
7976 MB RAM detected; reserving 3988 MB for main workspace.
Scanning .ped file... done.
Performing single-pass .bed write (46896 variants, 189 sheep).
--file: QIR1-temporary.bed + QIR1-temporary.bim + QIR1-temporary.fam written.
46896 variants loaded from .bim file.
189 sheep (0 males, 0 females, 189 ambiguous) loaded from .fam.
Ambiguous sex IDs written to QIR1.nosex .
Using 1 thread (no multithreaded calculations invoked).
Before main variant filters, 0 founders and 189 nonfounders present.
Calculating allele frequencies... done.
46896 variants and 189 sheep pass filters and QC.
Note: No phenotypes present.
--homozyg: Scan complete, found 2255 ROH.
Results saved to QIR1.hom + QIR1.hom.indiv + QIR1.hom.summary .

End time: Thu Aug 31 11:39:15 2023
