PLINK v1.90b6.21 64-bit (19 Oct 2020)
Options in effect:
  --file SUF
  --homozyg
  --homozyg-gap 500
  --homozyg-kb 1000
  --homozyg-snp 50
  --homozyg-window-het 1
  --homozyg-window-missing 1
  --homozyg-window-snp 30
  --homozyg-window-threshold 0.05
  --out SUF1
  --sheep

Hostname: DESKTOP-MPSFMNE
Working directory: C:\Users\DELL\Desktop\ROH\ио
Start time: Thu Aug 31 11:40:04 2023

Random number seed: 1693453204
7976 MB RAM detected; reserving 3988 MB for main workspace.
Scanning .ped file... done.
Performing single-pass .bed write (46896 variants, 163 sheep).
--file: SUF1-temporary.bed + SUF1-temporary.bim + SUF1-temporary.fam written.
46896 variants loaded from .bim file.
163 sheep (0 males, 0 females, 163 ambiguous) loaded from .fam.
Ambiguous sex IDs written to SUF1.nosex .
Using 1 thread (no multithreaded calculations invoked).
Before main variant filters, 0 founders and 163 nonfounders present.
Calculating allele frequencies... done.
46896 variants and 163 sheep pass filters and QC.
Note: No phenotypes present.
--homozyg: Scan complete, found 2546 ROH.
Results saved to SUF1.hom + SUF1.hom.indiv + SUF1.hom.summary .

End time: Thu Aug 31 11:40:05 2023
